{
  "meta": {
    "version": "7.3.2",
    "timestamp": "2024-01-15T10:30:00",
    "branch_coverage": false,
    "show_contexts": false
  },
  "files": {
    "src/main.py": {
      "executed_lines": [1, 2, 3, 5, 8, 10, 15],
      "summary": {
        "covered_lines": 7,
        "num_statements": 12,
        "percent_covered": 58.33,
        "missing_lines": 5,
        "excluded_lines": 0
      },
      "missing_lines": [4, 6, 7, 11, 12],
      "excluded_lines": []
    },
    "src/utils.py": {
      "executed_lines": [1, 2, 5, 6, 7],
      "summary": {
        "covered_lines": 5,
        "num_statements": 8,
        "percent_covered": 62.5,
        "missing_lines": 3,
        "excluded_lines": 0
      },
      "missing_lines": [3, 4, 8],
      "excluded_lines": []
    }
  },
  "totals": {
    "covered_lines": 12,
    "num_statements": 20,
    "percent_covered": 60.0,
    "missing_lines": 8,
    "excluded_lines": 0
  }
}
